;  LST file generated by mikroListExporter - v.2.0 
; Date/Time: 30/11/2016 21:50:56
;----------------------------------------------

;Address Opcode 	ASM
0x0000	0x2B38      	GOTO       824
_interrupt:
0x0004	0x00FF      	MOVWF      R15
0x0005	0x0E03      	SWAPF      STATUS, 0
0x0006	0x0183      	CLRF       STATUS
0x0007	0x00A7      	MOVWF      ___saveSTATUS
0x0008	0x080A      	MOVF       PCLATH, 0
0x0009	0x00A6      	MOVWF      ___savePCLATH
0x000A	0x018A      	CLRF       PCLATH
0x000B	0x087B      	MOVF       R11, 0
0x000C	0x00A2      	MOVWF      34
0x000D	0x087C      	MOVF       R12, 0
0x000E	0x00A1      	MOVWF      33
0x000F	0x087D      	MOVF       R13, 0
0x0010	0x00A0      	MOVWF      32
;FairyLights16F628A.c,82 :: 		void interrupt(){  //verifica estouro (função do mikroc para tratamento de interrupções)
;FairyLights16F628A.c,83 :: 		if(T0IF_bit){ //caso haja estouro no timer0
0x0011	0x1D0B      	BTFSS      T0IF_bit, BitPos(T0IF_bit+0)
0x0012	0x2841      	GOTO       L_interrupt2
;FairyLights16F628A.c,84 :: 		T0IF_bit = 0x00; //limpa flag
0x0013	0x110B      	BCF        T0IF_bit, BitPos(T0IF_bit+0)
;FairyLights16F628A.c,85 :: 		TMR0 = 0x6C;     //inicia timer0 novamente
0x0014	0x306C      	MOVLW      108
0x0015	0x0081      	MOVWF      TMR0
;FairyLights16F628A.c,87 :: 		if(!S2){ //caso RA1 seja pressionado
0x0016	0x1885      	BTFSC      RA1_bit, BitPos(RA1_bit+0)
0x0017	0x2821      	GOTO       L_interrupt3
;FairyLights16F628A.c,88 :: 		while(S3 && S4 && S5){
L_interrupt4:
0x0018	0x1D05      	BTFSS      RA2_bit, BitPos(RA2_bit+0)
0x0019	0x2820      	GOTO       L_interrupt5
0x001A	0x1D85      	BTFSS      RA3_bit, BitPos(RA3_bit+0)
0x001B	0x2820      	GOTO       L_interrupt5
0x001C	0x1E05      	BTFSS      RA4_bit, BitPos(RA4_bit+0)
0x001D	0x2820      	GOTO       L_interrupt5
L__interrupt71:
;FairyLights16F628A.c,89 :: 		padrao2(); //muda padrão dos leds
0x001E	0x2158      	CALL       _padrao2
;FairyLights16F628A.c,90 :: 		}
0x001F	0x2818      	GOTO       L_interrupt4
L_interrupt5:
;FairyLights16F628A.c,91 :: 		}
0x0020	0x2841      	GOTO       L_interrupt8
L_interrupt3:
;FairyLights16F628A.c,92 :: 		else if(!S3){ //caso RA2 seja pressionado
0x0021	0x1905      	BTFSC      RA2_bit, BitPos(RA2_bit+0)
0x0022	0x282C      	GOTO       L_interrupt9
;FairyLights16F628A.c,93 :: 		while(S2 && S4 && S5){
L_interrupt10:
0x0023	0x1C85      	BTFSS      RA1_bit, BitPos(RA1_bit+0)
0x0024	0x282B      	GOTO       L_interrupt11
0x0025	0x1D85      	BTFSS      RA3_bit, BitPos(RA3_bit+0)
0x0026	0x282B      	GOTO       L_interrupt11
0x0027	0x1E05      	BTFSS      RA4_bit, BitPos(RA4_bit+0)
0x0028	0x282B      	GOTO       L_interrupt11
L__interrupt70:
;FairyLights16F628A.c,94 :: 		padrao3(); //muda padrão dos leds
0x0029	0x220B      	CALL       _padrao3
;FairyLights16F628A.c,95 :: 		}
0x002A	0x2823      	GOTO       L_interrupt10
L_interrupt11:
;FairyLights16F628A.c,96 :: 		}
0x002B	0x2841      	GOTO       L_interrupt14
L_interrupt9:
;FairyLights16F628A.c,97 :: 		else if(!S4){ //caso RA3 seja pressionado
0x002C	0x1985      	BTFSC      RA3_bit, BitPos(RA3_bit+0)
0x002D	0x2837      	GOTO       L_interrupt15
;FairyLights16F628A.c,98 :: 		while(S3 && S2 && S5){
L_interrupt16:
0x002E	0x1D05      	BTFSS      RA2_bit, BitPos(RA2_bit+0)
0x002F	0x2836      	GOTO       L_interrupt17
0x0030	0x1C85      	BTFSS      RA1_bit, BitPos(RA1_bit+0)
0x0031	0x2836      	GOTO       L_interrupt17
0x0032	0x1E05      	BTFSS      RA4_bit, BitPos(RA4_bit+0)
0x0033	0x2836      	GOTO       L_interrupt17
L__interrupt69:
;FairyLights16F628A.c,99 :: 		padrao4(); //muda padrão dos leds
0x0034	0x2295      	CALL       _padrao4
;FairyLights16F628A.c,100 :: 		}
0x0035	0x282E      	GOTO       L_interrupt16
L_interrupt17:
;FairyLights16F628A.c,101 :: 		}
0x0036	0x2841      	GOTO       L_interrupt20
L_interrupt15:
;FairyLights16F628A.c,102 :: 		else if(!S5){ //caso RA4 seja pressionado
0x0037	0x1A05      	BTFSC      RA4_bit, BitPos(RA4_bit+0)
0x0038	0x2841      	GOTO       L_interrupt21
;FairyLights16F628A.c,103 :: 		while(S3 && S4 && S2){
L_interrupt22:
0x0039	0x1D05      	BTFSS      RA2_bit, BitPos(RA2_bit+0)
0x003A	0x2841      	GOTO       L_interrupt23
0x003B	0x1D85      	BTFSS      RA3_bit, BitPos(RA3_bit+0)
0x003C	0x2841      	GOTO       L_interrupt23
0x003D	0x1C85      	BTFSS      RA1_bit, BitPos(RA1_bit+0)
0x003E	0x2841      	GOTO       L_interrupt23
L__interrupt68:
;FairyLights16F628A.c,104 :: 		padrao5(); //muda padrão dos leds
0x003F	0x21C5      	CALL       _padrao5
;FairyLights16F628A.c,105 :: 		}
0x0040	0x2839      	GOTO       L_interrupt22
L_interrupt23:
;FairyLights16F628A.c,106 :: 		}
L_interrupt21:
L_interrupt20:
L_interrupt14:
L_interrupt8:
;FairyLights16F628A.c,107 :: 		}
L_interrupt2:
;FairyLights16F628A.c,108 :: 		}
L_end_interrupt:
L__interrupt75:
0x0041	0x0822      	MOVF       34, 0
0x0042	0x00FB      	MOVWF      R11
0x0043	0x0821      	MOVF       33, 0
0x0044	0x00FC      	MOVWF      R12
0x0045	0x0820      	MOVF       32, 0
0x0046	0x00FD      	MOVWF      R13
0x0047	0x0826      	MOVF       ___savePCLATH, 0
0x0048	0x008A      	MOVWF      PCLATH
0x0049	0x0E27      	SWAPF      ___saveSTATUS, 0
0x004A	0x0083      	MOVWF      STATUS
0x004B	0x0EFF      	SWAPF      R15, 1
0x004C	0x0E7F      	SWAPF      R15, 0
0x004D	0x0009      	RETFIE
; end of _interrupt
_acendeLeds:
;FairyLights16F628A.c,121 :: 		void acendeLeds(){
;FairyLights16F628A.c,122 :: 		portb.f0 =1; //acende led
0x004E	0x1283      	BCF        STATUS, 5
0x004F	0x1303      	BCF        STATUS, 6
0x0050	0x1406      	BSF        PORTB, 0
;FairyLights16F628A.c,123 :: 		portb.f1 =1; //acende led
0x0051	0x1486      	BSF        PORTB, 1
;FairyLights16F628A.c,124 :: 		portb.f2 =1; //acende led
0x0052	0x1506      	BSF        PORTB, 2
;FairyLights16F628A.c,125 :: 		portb.f3 =1; //acende led
0x0053	0x1586      	BSF        PORTB, 3
;FairyLights16F628A.c,126 :: 		portb.f4 =1; //acende led
0x0054	0x1606      	BSF        PORTB, 4
;FairyLights16F628A.c,127 :: 		portb.f5 =1; //acende led
0x0055	0x1686      	BSF        PORTB, 5
;FairyLights16F628A.c,128 :: 		portb.f6 =1; //acende led
0x0056	0x1706      	BSF        PORTB, 6
;FairyLights16F628A.c,129 :: 		portb.f7 =1; //acende led
0x0057	0x1786      	BSF        PORTB, 7
;FairyLights16F628A.c,130 :: 		}
L_end_acendeLeds:
0x0058	0x0008      	RETURN
; end of _acendeLeds
_apagaLeds:
;FairyLights16F628A.c,110 :: 		void apagaLeds(){
;FairyLights16F628A.c,111 :: 		portb.f0 =0;    //led apagado
0x0059	0x1283      	BCF        STATUS, 5
0x005A	0x1303      	BCF        STATUS, 6
0x005B	0x1006      	BCF        PORTB, 0
;FairyLights16F628A.c,112 :: 		portb.f1 =0;    //led apagado
0x005C	0x1086      	BCF        PORTB, 1
;FairyLights16F628A.c,113 :: 		portb.f2 =0;    //led apagado
0x005D	0x1106      	BCF        PORTB, 2
;FairyLights16F628A.c,114 :: 		portb.f3 =0;    //led apagado
0x005E	0x1186      	BCF        PORTB, 3
;FairyLights16F628A.c,115 :: 		portb.f4 =0;    //led apagado
0x005F	0x1206      	BCF        PORTB, 4
;FairyLights16F628A.c,116 :: 		portb.f5 =0;    //led apagado
0x0060	0x1286      	BCF        PORTB, 5
;FairyLights16F628A.c,117 :: 		portb.f6 =0;    //led apagado
0x0061	0x1306      	BCF        PORTB, 6
;FairyLights16F628A.c,118 :: 		portb.f7 =0;    //led apagado
0x0062	0x1386      	BCF        PORTB, 7
;FairyLights16F628A.c,119 :: 		}
L_end_apagaLeds:
0x0063	0x0008      	RETURN
; end of _apagaLeds
_____DoICP:
;__Lib_System.c,6 :: 		
;__Lib_System.c,9 :: 		
0x0064	0x1283      	BCF        STATUS, 5
0x0065	0x1303      	BCF        STATUS, 6
0x0066	0x0825      	MOVF       ___DoICPAddr+1, 0
0x0067	0x008A      	MOVWF      PCLATH
;__Lib_System.c,10 :: 		
0x0068	0x0824      	MOVF       ___DoICPAddr, 0
0x0069	0x0082      	MOVWF      PCL
;__Lib_System.c,12 :: 		
L_end_____DoICP:
0x006A	0x0008      	RETURN
; end of _____DoICP
_Delay_50us:
;__Lib_Delays.c,19 :: 		void Delay_50us() {
;__Lib_Delays.c,20 :: 		Delay_us(50);
0x006B	0x3010      	MOVLW      16
0x006C	0x1283      	BCF        STATUS, 5
0x006D	0x1303      	BCF        STATUS, 6
0x006E	0x00FD      	MOVWF      R13
L_Delay_50us2:
0x006F	0x0BFD      	DECFSZ     R13, 1
0x0070	0x286F      	GOTO       L_Delay_50us2
0x0071	0x0000      	NOP
;__Lib_Delays.c,21 :: 		}
L_end_Delay_50us:
0x0072	0x0008      	RETURN
; end of _Delay_50us
_Delay_1us:
;__Lib_Delays.c,7 :: 		void Delay_1us() {
;__Lib_Delays.c,8 :: 		Delay_us(1);
0x0073	0x0000      	NOP
;__Lib_Delays.c,9 :: 		}
L_end_Delay_1us:
0x0074	0x0008      	RETURN
; end of _Delay_1us
_Delay_5500us:
;__Lib_Delays.c,31 :: 		void Delay_5500us() {
;__Lib_Delays.c,32 :: 		Delay_us(5500);
0x0075	0x3008      	MOVLW      8
0x0076	0x1283      	BCF        STATUS, 5
0x0077	0x1303      	BCF        STATUS, 6
0x0078	0x00FC      	MOVWF      R12
0x0079	0x3023      	MOVLW      35
0x007A	0x00FD      	MOVWF      R13
L_Delay_5500us5:
0x007B	0x0BFD      	DECFSZ     R13, 1
0x007C	0x287B      	GOTO       L_Delay_5500us5
0x007D	0x0BFC      	DECFSZ     R12, 1
0x007E	0x287B      	GOTO       L_Delay_5500us5
;__Lib_Delays.c,33 :: 		}
L_end_Delay_5500us:
0x007F	0x0008      	RETURN
; end of _Delay_5500us
_init_io:
;FairyLights16F628A.c,54 :: 		void init_io(){
;FairyLights16F628A.c,55 :: 		CMCON = 0x07;       //desabilita os comparadores
0x0080	0x3007      	MOVLW      7
0x0081	0x1283      	BCF        STATUS, 5
0x0082	0x1303      	BCF        STATUS, 6
0x0083	0x009F      	MOVWF      CMCON
;FairyLights16F628A.c,56 :: 		OPTION_REG = 0x86;   //Timer0 incrementa com o ciclo de instruçao, prescaler 1:128
0x0084	0x3086      	MOVLW      134
0x0085	0x1683      	BSF        STATUS, 5
0x0086	0x0081      	MOVWF      OPTION_REG
;FairyLights16F628A.c,57 :: 		GIE_bit = 0x01;     //habilita interrupção global
0x0087	0x178B      	BSF        GIE_bit, BitPos(GIE_bit+0)
;FairyLights16F628A.c,58 :: 		PEIE_bit = 0x01;    //habilita interrupção por perifericos
0x0088	0x170B      	BSF        PEIE_bit, BitPos(PEIE_bit+0)
;FairyLights16F628A.c,59 :: 		T0IE_bit = 0x01;    //habilita interrupção por timer0
0x0089	0x168B      	BSF        T0IE_bit, BitPos(T0IE_bit+0)
;FairyLights16F628A.c,60 :: 		TMR0 = 0x6C;        //inicia o timer0
0x008A	0x306C      	MOVLW      108
0x008B	0x1283      	BCF        STATUS, 5
0x008C	0x0081      	MOVWF      TMR0
;FairyLights16F628A.c,62 :: 		trisa.f1 =1;
0x008D	0x1683      	BSF        STATUS, 5
0x008E	0x1485      	BSF        TRISA, 1
;FairyLights16F628A.c,63 :: 		trisa.f2 =1;
0x008F	0x1505      	BSF        TRISA, 2
;FairyLights16F628A.c,64 :: 		trisa.f3 =1;
0x0090	0x1585      	BSF        TRISA, 3
;FairyLights16F628A.c,65 :: 		trisa.f4 =1;
0x0091	0x1605      	BSF        TRISA, 4
;FairyLights16F628A.c,66 :: 		porta.f1 =1;
0x0092	0x1283      	BCF        STATUS, 5
0x0093	0x1485      	BSF        PORTA, 1
;FairyLights16F628A.c,67 :: 		porta.f2 =1;
0x0094	0x1505      	BSF        PORTA, 2
;FairyLights16F628A.c,68 :: 		porta.f3 =1;
0x0095	0x1585      	BSF        PORTA, 3
;FairyLights16F628A.c,69 :: 		porta.f4 =1;
0x0096	0x1605      	BSF        PORTA, 4
;FairyLights16F628A.c,71 :: 		trisb.f0 =0;    //define porta como saida (porta do led)
0x0097	0x1683      	BSF        STATUS, 5
0x0098	0x1006      	BCF        TRISB, 0
;FairyLights16F628A.c,72 :: 		trisb.f1 =0;    //define porta como saida (porta do led)
0x0099	0x1086      	BCF        TRISB, 1
;FairyLights16F628A.c,73 :: 		trisb.f2 =0;    //define porta como saida (porta do led)
0x009A	0x1106      	BCF        TRISB, 2
;FairyLights16F628A.c,74 :: 		trisb.f3 =0;    //define porta como saida (porta do led)
0x009B	0x1186      	BCF        TRISB, 3
;FairyLights16F628A.c,75 :: 		trisb.f4 =0;    //define porta como saida (porta do led)
0x009C	0x1206      	BCF        TRISB, 4
;FairyLights16F628A.c,76 :: 		trisb.f5 =0;    //define porta como saida (porta do led)
0x009D	0x1286      	BCF        TRISB, 5
;FairyLights16F628A.c,77 :: 		trisb.f6 =0;    //define porta como saida (porta do led)
0x009E	0x1306      	BCF        TRISB, 6
;FairyLights16F628A.c,78 :: 		trisb.f7 =0;    //define porta como saida (porta do led)
0x009F	0x1386      	BCF        TRISB, 7
;FairyLights16F628A.c,79 :: 		}
L_end_init_io:
0x00A0	0x0008      	RETURN
; end of _init_io
_Lcd_Cmd:
;__Lib_Lcd.c,18 :: 		
;__Lib_Lcd.c,20 :: 		
0x00A1	0x1283      	BCF        STATUS, 5
0x00A2	0x1303      	BCF        STATUS, 6
0x00A3	0x1BA8      	BTFSC      FARG_Lcd_Cmd_out_char, 7
0x00A4	0x28A7      	GOTO       L__Lcd_Cmd21
0x00A5	0x1386      	BCF        LCD_D7, BitPos(LCD_D7+0)
0x00A6	0x28A8      	GOTO       L__Lcd_Cmd22
L__Lcd_Cmd21:
0x00A7	0x1786      	BSF        LCD_D7, BitPos(LCD_D7+0)
L__Lcd_Cmd22:
;__Lib_Lcd.c,21 :: 		
0x00A8	0x1B28      	BTFSC      FARG_Lcd_Cmd_out_char, 6
0x00A9	0x28AC      	GOTO       L__Lcd_Cmd23
0x00AA	0x1306      	BCF        LCD_D6, BitPos(LCD_D6+0)
0x00AB	0x28AD      	GOTO       L__Lcd_Cmd24
L__Lcd_Cmd23:
0x00AC	0x1706      	BSF        LCD_D6, BitPos(LCD_D6+0)
L__Lcd_Cmd24:
;__Lib_Lcd.c,22 :: 		
0x00AD	0x1AA8      	BTFSC      FARG_Lcd_Cmd_out_char, 5
0x00AE	0x28B1      	GOTO       L__Lcd_Cmd25
0x00AF	0x1286      	BCF        LCD_D5, BitPos(LCD_D5+0)
0x00B0	0x28B2      	GOTO       L__Lcd_Cmd26
L__Lcd_Cmd25:
0x00B1	0x1686      	BSF        LCD_D5, BitPos(LCD_D5+0)
L__Lcd_Cmd26:
;__Lib_Lcd.c,23 :: 		
0x00B2	0x1A28      	BTFSC      FARG_Lcd_Cmd_out_char, 4
0x00B3	0x28B6      	GOTO       L__Lcd_Cmd27
0x00B4	0x1206      	BCF        LCD_D4, BitPos(LCD_D4+0)
0x00B5	0x28B7      	GOTO       L__Lcd_Cmd28
L__Lcd_Cmd27:
0x00B6	0x1606      	BSF        LCD_D4, BitPos(LCD_D4+0)
L__Lcd_Cmd28:
;__Lib_Lcd.c,25 :: 		
0x00B7	0x1823      	BTFSC      __Lib_Lcd_cmd_status, BitPos(__Lib_Lcd_cmd_status+0)
0x00B8	0x28BB      	GOTO       L__Lcd_Cmd29
0x00B9	0x1586      	BSF        LCD_RS, BitPos(LCD_RS+0)
0x00BA	0x28BC      	GOTO       L__Lcd_Cmd30
L__Lcd_Cmd29:
0x00BB	0x1186      	BCF        LCD_RS, BitPos(LCD_RS+0)
L__Lcd_Cmd30:
;__Lib_Lcd.c,28 :: 		
0x00BC	0x1506      	BSF        LCD_EN, BitPos(LCD_EN+0)
;__Lib_Lcd.c,29 :: 		
0x00BD	0x2073      	CALL       _Delay_1us
;__Lib_Lcd.c,30 :: 		
0x00BE	0x1106      	BCF        LCD_EN, BitPos(LCD_EN+0)
;__Lib_Lcd.c,33 :: 		
0x00BF	0x19A8      	BTFSC      FARG_Lcd_Cmd_out_char, 3
0x00C0	0x28C3      	GOTO       L__Lcd_Cmd31
0x00C1	0x1386      	BCF        LCD_D7, BitPos(LCD_D7+0)
0x00C2	0x28C4      	GOTO       L__Lcd_Cmd32
L__Lcd_Cmd31:
0x00C3	0x1786      	BSF        LCD_D7, BitPos(LCD_D7+0)
L__Lcd_Cmd32:
;__Lib_Lcd.c,34 :: 		
0x00C4	0x1928      	BTFSC      FARG_Lcd_Cmd_out_char, 2
0x00C5	0x28C8      	GOTO       L__Lcd_Cmd33
0x00C6	0x1306      	BCF        LCD_D6, BitPos(LCD_D6+0)
0x00C7	0x28C9      	GOTO       L__Lcd_Cmd34
L__Lcd_Cmd33:
0x00C8	0x1706      	BSF        LCD_D6, BitPos(LCD_D6+0)
L__Lcd_Cmd34:
;__Lib_Lcd.c,35 :: 		
0x00C9	0x18A8      	BTFSC      FARG_Lcd_Cmd_out_char, 1
0x00CA	0x28CD      	GOTO       L__Lcd_Cmd35
0x00CB	0x1286      	BCF        LCD_D5, BitPos(LCD_D5+0)
0x00CC	0x28CE      	GOTO       L__Lcd_Cmd36
L__Lcd_Cmd35:
0x00CD	0x1686      	BSF        LCD_D5, BitPos(LCD_D5+0)
L__Lcd_Cmd36:
;__Lib_Lcd.c,36 :: 		
0x00CE	0x1828      	BTFSC      FARG_Lcd_Cmd_out_char, 0
0x00CF	0x28D2      	GOTO       L__Lcd_Cmd37
0x00D0	0x1206      	BCF        LCD_D4, BitPos(LCD_D4+0)
0x00D1	0x28D3      	GOTO       L__Lcd_Cmd38
L__Lcd_Cmd37:
0x00D2	0x1606      	BSF        LCD_D4, BitPos(LCD_D4+0)
L__Lcd_Cmd38:
;__Lib_Lcd.c,38 :: 		
0x00D3	0x1823      	BTFSC      __Lib_Lcd_cmd_status, BitPos(__Lib_Lcd_cmd_status+0)
0x00D4	0x28D7      	GOTO       L__Lcd_Cmd39
0x00D5	0x1586      	BSF        LCD_RS, BitPos(LCD_RS+0)
0x00D6	0x28D8      	GOTO       L__Lcd_Cmd40
L__Lcd_Cmd39:
0x00D7	0x1186      	BCF        LCD_RS, BitPos(LCD_RS+0)
L__Lcd_Cmd40:
;__Lib_Lcd.c,40 :: 		
0x00D8	0x1506      	BSF        LCD_EN, BitPos(LCD_EN+0)
;__Lib_Lcd.c,41 :: 		
0x00D9	0x2073      	CALL       _Delay_1us
;__Lib_Lcd.c,42 :: 		
0x00DA	0x1106      	BCF        LCD_EN, BitPos(LCD_EN+0)
;__Lib_Lcd.c,44 :: 		
0x00DB	0x1C23      	BTFSS      __Lib_Lcd_cmd_status, BitPos(__Lib_Lcd_cmd_status+0)
0x00DC	0x28DF      	GOTO       L_Lcd_Cmd0
;__Lib_Lcd.c,45 :: 		
0x00DD	0x2075      	CALL       _Delay_5500us
0x00DE	0x28E0      	GOTO       L_Lcd_Cmd1
L_Lcd_Cmd0:
;__Lib_Lcd.c,47 :: 		
0x00DF	0x206B      	CALL       _Delay_50us
L_Lcd_Cmd1:
;__Lib_Lcd.c,48 :: 		
L_end_Lcd_Cmd:
0x00E0	0x0008      	RETURN
; end of _Lcd_Cmd
___CC2DW:
;__Lib_System.c,134 :: 		
;__Lib_System.c,137 :: 		
_CC2D_Loop1:
;__Lib_System.c,139 :: 		
0x00E1	0x2064      	CALL       _____DoICP
0x00E2	0x118A      	BCF        PCLATH, 3
0x00E3	0x120A      	BCF        PCLATH, 4
;__Lib_System.c,141 :: 		
0x00E4	0x0080      	MOVWF      INDF
;__Lib_System.c,142 :: 		
0x00E5	0x0A84      	INCF       FSR, 1
;__Lib_System.c,143 :: 		
0x00E6	0x0AA4      	INCF       ___DoICPAddr, 1
;__Lib_System.c,145 :: 		
0x00E7	0x1903      	BTFSC      STATUS, 2
;__Lib_System.c,146 :: 		
0x00E8	0x0AA5      	INCF       ___DoICPAddr+1, 1
;__Lib_System.c,147 :: 		
0x00E9	0x03F0      	DECF       R0, 1
;__Lib_System.c,149 :: 		
0x00EA	0x1D03      	BTFSS      STATUS, 2
;__Lib_System.c,150 :: 		
0x00EB	0x28E1      	GOTO       _CC2D_Loop1
;__Lib_System.c,152 :: 		
L_end___CC2DW:
0x00EC	0x0008      	RETURN
; end of ___CC2DW
_padrao1:
;FairyLights16F628A.c,132 :: 		void padrao1(){
;FairyLights16F628A.c,133 :: 		acendeLeds();
0x00ED	0x204E      	CALL       _acendeLeds
;FairyLights16F628A.c,134 :: 		delay_ms(200);  //espera um tempo de 200ms = 0.2s
0x00EE	0x3002      	MOVLW      2
0x00EF	0x00FB      	MOVWF      R11
0x00F0	0x3004      	MOVLW      4
0x00F1	0x00FC      	MOVWF      R12
0x00F2	0x30BA      	MOVLW      186
0x00F3	0x00FD      	MOVWF      R13
L_padrao126:
0x00F4	0x0BFD      	DECFSZ     R13, 1
0x00F5	0x28F4      	GOTO       L_padrao126
0x00F6	0x0BFC      	DECFSZ     R12, 1
0x00F7	0x28F4      	GOTO       L_padrao126
0x00F8	0x0BFB      	DECFSZ     R11, 1
0x00F9	0x28F4      	GOTO       L_padrao126
0x00FA	0x0000      	NOP
;FairyLights16F628A.c,135 :: 		apagaLeds();
0x00FB	0x2059      	CALL       _apagaLeds
;FairyLights16F628A.c,136 :: 		delay_ms(200);  //espera um tempo de 200ms = 0.2s
0x00FC	0x3002      	MOVLW      2
0x00FD	0x00FB      	MOVWF      R11
0x00FE	0x3004      	MOVLW      4
0x00FF	0x00FC      	MOVWF      R12
0x0100	0x30BA      	MOVLW      186
0x0101	0x00FD      	MOVWF      R13
L_padrao127:
0x0102	0x0BFD      	DECFSZ     R13, 1
0x0103	0x2902      	GOTO       L_padrao127
0x0104	0x0BFC      	DECFSZ     R12, 1
0x0105	0x2902      	GOTO       L_padrao127
0x0106	0x0BFB      	DECFSZ     R11, 1
0x0107	0x2902      	GOTO       L_padrao127
0x0108	0x0000      	NOP
;FairyLights16F628A.c,137 :: 		}
L_end_padrao1:
0x0109	0x0008      	RETURN
; end of _padrao1
_Lcd_Init:
;__Lib_Lcd.c,84 :: 		
;__Lib_Lcd.c,86 :: 		
0x010A	0x1683      	BSF        STATUS, 5
0x010B	0x1303      	BCF        STATUS, 6
0x010C	0x1106      	BCF        LCD_EN_Direction, BitPos(LCD_EN_Direction+0)
;__Lib_Lcd.c,87 :: 		
0x010D	0x1186      	BCF        LCD_RS_Direction, BitPos(LCD_RS_Direction+0)
;__Lib_Lcd.c,88 :: 		
0x010E	0x1206      	BCF        LCD_D4_Direction, BitPos(LCD_D4_Direction+0)
;__Lib_Lcd.c,89 :: 		
0x010F	0x1286      	BCF        LCD_D5_Direction, BitPos(LCD_D5_Direction+0)
;__Lib_Lcd.c,90 :: 		
0x0110	0x1306      	BCF        LCD_D6_Direction, BitPos(LCD_D6_Direction+0)
;__Lib_Lcd.c,91 :: 		
0x0111	0x1386      	BCF        LCD_D7_Direction, BitPos(LCD_D7_Direction+0)
;__Lib_Lcd.c,93 :: 		
0x0112	0x1283      	BCF        STATUS, 5
0x0113	0x1106      	BCF        LCD_EN, BitPos(LCD_EN+0)
;__Lib_Lcd.c,94 :: 		
0x0114	0x1186      	BCF        LCD_RS, BitPos(LCD_RS+0)
;__Lib_Lcd.c,95 :: 		
0x0115	0x1386      	BCF        LCD_D7, BitPos(LCD_D7+0)
;__Lib_Lcd.c,96 :: 		
0x0116	0x1306      	BCF        LCD_D6, BitPos(LCD_D6+0)
;__Lib_Lcd.c,97 :: 		
0x0117	0x1286      	BCF        LCD_D5, BitPos(LCD_D5+0)
;__Lib_Lcd.c,98 :: 		
0x0118	0x1206      	BCF        LCD_D4, BitPos(LCD_D4+0)
;__Lib_Lcd.c,100 :: 		
0x0119	0x2075      	CALL       _Delay_5500us
;__Lib_Lcd.c,101 :: 		
0x011A	0x2075      	CALL       _Delay_5500us
;__Lib_Lcd.c,102 :: 		
0x011B	0x2075      	CALL       _Delay_5500us
;__Lib_Lcd.c,105 :: 		
0x011C	0x1686      	BSF        LCD_D5, BitPos(LCD_D5+0)
;__Lib_Lcd.c,106 :: 		
0x011D	0x1606      	BSF        LCD_D4, BitPos(LCD_D4+0)
;__Lib_Lcd.c,107 :: 		
0x011E	0x1506      	BSF        LCD_EN, BitPos(LCD_EN+0)
;__Lib_Lcd.c,108 :: 		
0x011F	0x2073      	CALL       _Delay_1us
;__Lib_Lcd.c,109 :: 		
0x0120	0x1106      	BCF        LCD_EN, BitPos(LCD_EN+0)
;__Lib_Lcd.c,110 :: 		
0x0121	0x2075      	CALL       _Delay_5500us
;__Lib_Lcd.c,112 :: 		
0x0122	0x1506      	BSF        LCD_EN, BitPos(LCD_EN+0)
;__Lib_Lcd.c,113 :: 		
0x0123	0x2073      	CALL       _Delay_1us
;__Lib_Lcd.c,114 :: 		
0x0124	0x1106      	BCF        LCD_EN, BitPos(LCD_EN+0)
;__Lib_Lcd.c,115 :: 		
0x0125	0x2075      	CALL       _Delay_5500us
;__Lib_Lcd.c,117 :: 		
0x0126	0x1506      	BSF        LCD_EN, BitPos(LCD_EN+0)
;__Lib_Lcd.c,118 :: 		
0x0127	0x2073      	CALL       _Delay_1us
;__Lib_Lcd.c,119 :: 		
0x0128	0x1106      	BCF        LCD_EN, BitPos(LCD_EN+0)
;__Lib_Lcd.c,120 :: 		
0x0129	0x2075      	CALL       _Delay_5500us
;__Lib_Lcd.c,123 :: 		
0x012A	0x1206      	BCF        LCD_D4, BitPos(LCD_D4+0)
;__Lib_Lcd.c,124 :: 		
0x012B	0x1506      	BSF        LCD_EN, BitPos(LCD_EN+0)
;__Lib_Lcd.c,125 :: 		
0x012C	0x2073      	CALL       _Delay_1us
;__Lib_Lcd.c,126 :: 		
0x012D	0x1106      	BCF        LCD_EN, BitPos(LCD_EN+0)
;__Lib_Lcd.c,127 :: 		
0x012E	0x2075      	CALL       _Delay_5500us
;__Lib_Lcd.c,130 :: 		
0x012F	0x1506      	BSF        LCD_EN, BitPos(LCD_EN+0)
;__Lib_Lcd.c,131 :: 		
0x0130	0x2073      	CALL       _Delay_1us
;__Lib_Lcd.c,132 :: 		
0x0131	0x1106      	BCF        LCD_EN, BitPos(LCD_EN+0)
;__Lib_Lcd.c,134 :: 		
0x0132	0x1286      	BCF        LCD_D5, BitPos(LCD_D5+0)
;__Lib_Lcd.c,135 :: 		
0x0133	0x1786      	BSF        LCD_D7, BitPos(LCD_D7+0)
;__Lib_Lcd.c,136 :: 		
0x0134	0x1506      	BSF        LCD_EN, BitPos(LCD_EN+0)
;__Lib_Lcd.c,137 :: 		
0x0135	0x2073      	CALL       _Delay_1us
;__Lib_Lcd.c,138 :: 		
0x0136	0x1106      	BCF        LCD_EN, BitPos(LCD_EN+0)
;__Lib_Lcd.c,139 :: 		
0x0137	0x2075      	CALL       _Delay_5500us
;__Lib_Lcd.c,142 :: 		
0x0138	0x1386      	BCF        LCD_D7, BitPos(LCD_D7+0)
;__Lib_Lcd.c,143 :: 		
0x0139	0x1606      	BSF        LCD_D4, BitPos(LCD_D4+0)
;__Lib_Lcd.c,144 :: 		
0x013A	0x1506      	BSF        LCD_EN, BitPos(LCD_EN+0)
;__Lib_Lcd.c,145 :: 		
0x013B	0x2073      	CALL       _Delay_1us
;__Lib_Lcd.c,146 :: 		
0x013C	0x1106      	BCF        LCD_EN, BitPos(LCD_EN+0)
;__Lib_Lcd.c,148 :: 		
0x013D	0x1206      	BCF        LCD_D4, BitPos(LCD_D4+0)
;__Lib_Lcd.c,149 :: 		
0x013E	0x1506      	BSF        LCD_EN, BitPos(LCD_EN+0)
;__Lib_Lcd.c,150 :: 		
0x013F	0x2073      	CALL       _Delay_1us
;__Lib_Lcd.c,151 :: 		
0x0140	0x1106      	BCF        LCD_EN, BitPos(LCD_EN+0)
;__Lib_Lcd.c,152 :: 		
0x0141	0x2075      	CALL       _Delay_5500us
;__Lib_Lcd.c,155 :: 		
0x0142	0x1506      	BSF        LCD_EN, BitPos(LCD_EN+0)
;__Lib_Lcd.c,156 :: 		
0x0143	0x2073      	CALL       _Delay_1us
;__Lib_Lcd.c,157 :: 		
0x0144	0x1106      	BCF        LCD_EN, BitPos(LCD_EN+0)
;__Lib_Lcd.c,159 :: 		
0x0145	0x1606      	BSF        LCD_D4, BitPos(LCD_D4+0)
;__Lib_Lcd.c,160 :: 		
0x0146	0x1506      	BSF        LCD_EN, BitPos(LCD_EN+0)
;__Lib_Lcd.c,161 :: 		
0x0147	0x2073      	CALL       _Delay_1us
;__Lib_Lcd.c,162 :: 		
0x0148	0x1106      	BCF        LCD_EN, BitPos(LCD_EN+0)
;__Lib_Lcd.c,163 :: 		
0x0149	0x2075      	CALL       _Delay_5500us
;__Lib_Lcd.c,166 :: 		
0x014A	0x1206      	BCF        LCD_D4, BitPos(LCD_D4+0)
;__Lib_Lcd.c,167 :: 		
0x014B	0x1506      	BSF        LCD_EN, BitPos(LCD_EN+0)
;__Lib_Lcd.c,168 :: 		
0x014C	0x2073      	CALL       _Delay_1us
;__Lib_Lcd.c,169 :: 		
0x014D	0x1106      	BCF        LCD_EN, BitPos(LCD_EN+0)
;__Lib_Lcd.c,171 :: 		
0x014E	0x1786      	BSF        LCD_D7, BitPos(LCD_D7+0)
;__Lib_Lcd.c,172 :: 		
0x014F	0x1706      	BSF        LCD_D6, BitPos(LCD_D6+0)
;__Lib_Lcd.c,173 :: 		
0x0150	0x1686      	BSF        LCD_D5, BitPos(LCD_D5+0)
;__Lib_Lcd.c,174 :: 		
0x0151	0x1606      	BSF        LCD_D4, BitPos(LCD_D4+0)
;__Lib_Lcd.c,175 :: 		
0x0152	0x1506      	BSF        LCD_EN, BitPos(LCD_EN+0)
;__Lib_Lcd.c,176 :: 		
0x0153	0x2073      	CALL       _Delay_1us
;__Lib_Lcd.c,177 :: 		
0x0154	0x1106      	BCF        LCD_EN, BitPos(LCD_EN+0)
;__Lib_Lcd.c,179 :: 		
0x0155	0x2075      	CALL       _Delay_5500us
;__Lib_Lcd.c,181 :: 		
0x0156	0x1423      	BSF        __Lib_Lcd_cmd_status, BitPos(__Lib_Lcd_cmd_status+0)
;__Lib_Lcd.c,182 :: 		
L_end_Lcd_Init:
0x0157	0x0008      	RETURN
; end of _Lcd_Init
_padrao2:
;FairyLights16F628A.c,139 :: 		void padrao2(){
;FairyLights16F628A.c,140 :: 		apagaLeds();
0x0158	0x2059      	CALL       _apagaLeds
;FairyLights16F628A.c,141 :: 		portb.f0 =1; //acende led
0x0159	0x1406      	BSF        PORTB, 0
;FairyLights16F628A.c,142 :: 		portb.f1 =1; //acende led
0x015A	0x1486      	BSF        PORTB, 1
;FairyLights16F628A.c,143 :: 		delay_ms(200);  //espera um tempo de 200ms = 0.2s
0x015B	0x3002      	MOVLW      2
0x015C	0x00FB      	MOVWF      R11
0x015D	0x3004      	MOVLW      4
0x015E	0x00FC      	MOVWF      R12
0x015F	0x30BA      	MOVLW      186
0x0160	0x00FD      	MOVWF      R13
L_padrao228:
0x0161	0x0BFD      	DECFSZ     R13, 1
0x0162	0x2961      	GOTO       L_padrao228
0x0163	0x0BFC      	DECFSZ     R12, 1
0x0164	0x2961      	GOTO       L_padrao228
0x0165	0x0BFB      	DECFSZ     R11, 1
0x0166	0x2961      	GOTO       L_padrao228
0x0167	0x0000      	NOP
;FairyLights16F628A.c,144 :: 		portb.f0 =0;    //led apagado
0x0168	0x1006      	BCF        PORTB, 0
;FairyLights16F628A.c,145 :: 		portb.f1 =0;    //led apagado
0x0169	0x1086      	BCF        PORTB, 1
;FairyLights16F628A.c,146 :: 		delay_ms(200);  //espera um tempo de 200ms = 0.2s
0x016A	0x3002      	MOVLW      2
0x016B	0x00FB      	MOVWF      R11
0x016C	0x3004      	MOVLW      4
0x016D	0x00FC      	MOVWF      R12
0x016E	0x30BA      	MOVLW      186
0x016F	0x00FD      	MOVWF      R13
L_padrao229:
0x0170	0x0BFD      	DECFSZ     R13, 1
0x0171	0x2970      	GOTO       L_padrao229
0x0172	0x0BFC      	DECFSZ     R12, 1
0x0173	0x2970      	GOTO       L_padrao229
0x0174	0x0BFB      	DECFSZ     R11, 1
0x0175	0x2970      	GOTO       L_padrao229
0x0176	0x0000      	NOP
;FairyLights16F628A.c,147 :: 		portb.f2 =1; //acende led
0x0177	0x1506      	BSF        PORTB, 2
;FairyLights16F628A.c,148 :: 		portb.f3 =1; //acende led
0x0178	0x1586      	BSF        PORTB, 3
;FairyLights16F628A.c,149 :: 		delay_ms(200);  //espera um tempo de 200ms = 0.2s
0x0179	0x3002      	MOVLW      2
0x017A	0x00FB      	MOVWF      R11
0x017B	0x3004      	MOVLW      4
0x017C	0x00FC      	MOVWF      R12
0x017D	0x30BA      	MOVLW      186
0x017E	0x00FD      	MOVWF      R13
L_padrao230:
0x017F	0x0BFD      	DECFSZ     R13, 1
0x0180	0x297F      	GOTO       L_padrao230
0x0181	0x0BFC      	DECFSZ     R12, 1
0x0182	0x297F      	GOTO       L_padrao230
0x0183	0x0BFB      	DECFSZ     R11, 1
0x0184	0x297F      	GOTO       L_padrao230
0x0185	0x0000      	NOP
;FairyLights16F628A.c,150 :: 		portb.f2 =0;    //led apagado
0x0186	0x1106      	BCF        PORTB, 2
;FairyLights16F628A.c,151 :: 		portb.f3 =0;    //led apagado
0x0187	0x1186      	BCF        PORTB, 3
;FairyLights16F628A.c,152 :: 		delay_ms(200);  //espera um tempo de 200ms = 0.2s
0x0188	0x3002      	MOVLW      2
0x0189	0x00FB      	MOVWF      R11
0x018A	0x3004      	MOVLW      4
0x018B	0x00FC      	MOVWF      R12
0x018C	0x30BA      	MOVLW      186
0x018D	0x00FD      	MOVWF      R13
L_padrao231:
0x018E	0x0BFD      	DECFSZ     R13, 1
0x018F	0x298E      	GOTO       L_padrao231
0x0190	0x0BFC      	DECFSZ     R12, 1
0x0191	0x298E      	GOTO       L_padrao231
0x0192	0x0BFB      	DECFSZ     R11, 1
0x0193	0x298E      	GOTO       L_padrao231
0x0194	0x0000      	NOP
;FairyLights16F628A.c,153 :: 		portb.f4 =1;    //led aceso
0x0195	0x1606      	BSF        PORTB, 4
;FairyLights16F628A.c,154 :: 		portb.f5 =1; //acende led
0x0196	0x1686      	BSF        PORTB, 5
;FairyLights16F628A.c,155 :: 		delay_ms(200);  //espera um tempo de 200ms = 0.2s
0x0197	0x3002      	MOVLW      2
0x0198	0x00FB      	MOVWF      R11
0x0199	0x3004      	MOVLW      4
0x019A	0x00FC      	MOVWF      R12
0x019B	0x30BA      	MOVLW      186
0x019C	0x00FD      	MOVWF      R13
L_padrao232:
0x019D	0x0BFD      	DECFSZ     R13, 1
0x019E	0x299D      	GOTO       L_padrao232
0x019F	0x0BFC      	DECFSZ     R12, 1
0x01A0	0x299D      	GOTO       L_padrao232
0x01A1	0x0BFB      	DECFSZ     R11, 1
0x01A2	0x299D      	GOTO       L_padrao232
0x01A3	0x0000      	NOP
;FairyLights16F628A.c,156 :: 		portb.f5 =0;    //led apagado
0x01A4	0x1286      	BCF        PORTB, 5
;FairyLights16F628A.c,157 :: 		portb.f4 =0;    //led apagado
0x01A5	0x1206      	BCF        PORTB, 4
;FairyLights16F628A.c,158 :: 		delay_ms(200);  //espera um tempo de 200ms = 0.2s
0x01A6	0x3002      	MOVLW      2
0x01A7	0x00FB      	MOVWF      R11
0x01A8	0x3004      	MOVLW      4
0x01A9	0x00FC      	MOVWF      R12
0x01AA	0x30BA      	MOVLW      186
0x01AB	0x00FD      	MOVWF      R13
L_padrao233:
0x01AC	0x0BFD      	DECFSZ     R13, 1
0x01AD	0x29AC      	GOTO       L_padrao233
0x01AE	0x0BFC      	DECFSZ     R12, 1
0x01AF	0x29AC      	GOTO       L_padrao233
0x01B0	0x0BFB      	DECFSZ     R11, 1
0x01B1	0x29AC      	GOTO       L_padrao233
0x01B2	0x0000      	NOP
;FairyLights16F628A.c,159 :: 		portb.f6 =1; //acende led
0x01B3	0x1706      	BSF        PORTB, 6
;FairyLights16F628A.c,160 :: 		portb.f7 =1; //acende led
0x01B4	0x1786      	BSF        PORTB, 7
;FairyLights16F628A.c,161 :: 		delay_ms(200);  //espera um tempo de 200ms = 0.2s
0x01B5	0x3002      	MOVLW      2
0x01B6	0x00FB      	MOVWF      R11
0x01B7	0x3004      	MOVLW      4
0x01B8	0x00FC      	MOVWF      R12
0x01B9	0x30BA      	MOVLW      186
0x01BA	0x00FD      	MOVWF      R13
L_padrao234:
0x01BB	0x0BFD      	DECFSZ     R13, 1
0x01BC	0x29BB      	GOTO       L_padrao234
0x01BD	0x0BFC      	DECFSZ     R12, 1
0x01BE	0x29BB      	GOTO       L_padrao234
0x01BF	0x0BFB      	DECFSZ     R11, 1
0x01C0	0x29BB      	GOTO       L_padrao234
0x01C1	0x0000      	NOP
;FairyLights16F628A.c,162 :: 		portb.f6 =0;    //led apagado
0x01C2	0x1306      	BCF        PORTB, 6
;FairyLights16F628A.c,163 :: 		portb.f7 =0;    //led apagado
0x01C3	0x1386      	BCF        PORTB, 7
;FairyLights16F628A.c,164 :: 		}
L_end_padrao2:
0x01C4	0x0008      	RETURN
; end of _padrao2
_padrao5:
;FairyLights16F628A.c,248 :: 		void padrao5(){
;FairyLights16F628A.c,249 :: 		apagaLeds();
0x01C5	0x2059      	CALL       _apagaLeds
;FairyLights16F628A.c,250 :: 		portb.f0=1; //acende led
0x01C6	0x1406      	BSF        PORTB, 0
;FairyLights16F628A.c,251 :: 		portb.f7=1; //acende led
0x01C7	0x1786      	BSF        PORTB, 7
;FairyLights16F628A.c,252 :: 		delay_ms(200); //espera um tempo de 0.2s
0x01C8	0x3002      	MOVLW      2
0x01C9	0x00FB      	MOVWF      R11
0x01CA	0x3004      	MOVLW      4
0x01CB	0x00FC      	MOVWF      R12
0x01CC	0x30BA      	MOVLW      186
0x01CD	0x00FD      	MOVWF      R13
L_padrao564:
0x01CE	0x0BFD      	DECFSZ     R13, 1
0x01CF	0x29CE      	GOTO       L_padrao564
0x01D0	0x0BFC      	DECFSZ     R12, 1
0x01D1	0x29CE      	GOTO       L_padrao564
0x01D2	0x0BFB      	DECFSZ     R11, 1
0x01D3	0x29CE      	GOTO       L_padrao564
0x01D4	0x0000      	NOP
;FairyLights16F628A.c,253 :: 		portb.f0=0; //apaga led
0x01D5	0x1006      	BCF        PORTB, 0
;FairyLights16F628A.c,254 :: 		portb.f7=0; //apaga led
0x01D6	0x1386      	BCF        PORTB, 7
;FairyLights16F628A.c,255 :: 		portb.f1=1; //acende led
0x01D7	0x1486      	BSF        PORTB, 1
;FairyLights16F628A.c,256 :: 		portb.f6=1; //acende led
0x01D8	0x1706      	BSF        PORTB, 6
;FairyLights16F628A.c,257 :: 		delay_ms(200); //espera um tempo de 0.2s
0x01D9	0x3002      	MOVLW      2
0x01DA	0x00FB      	MOVWF      R11
0x01DB	0x3004      	MOVLW      4
0x01DC	0x00FC      	MOVWF      R12
0x01DD	0x30BA      	MOVLW      186
0x01DE	0x00FD      	MOVWF      R13
L_padrao565:
0x01DF	0x0BFD      	DECFSZ     R13, 1
0x01E0	0x29DF      	GOTO       L_padrao565
0x01E1	0x0BFC      	DECFSZ     R12, 1
0x01E2	0x29DF      	GOTO       L_padrao565
0x01E3	0x0BFB      	DECFSZ     R11, 1
0x01E4	0x29DF      	GOTO       L_padrao565
0x01E5	0x0000      	NOP
;FairyLights16F628A.c,258 :: 		portb.f1=0; //apaga led
0x01E6	0x1086      	BCF        PORTB, 1
;FairyLights16F628A.c,259 :: 		portb.f6=0; //apaga led
0x01E7	0x1306      	BCF        PORTB, 6
;FairyLights16F628A.c,260 :: 		portb.f2=1; //acende led
0x01E8	0x1506      	BSF        PORTB, 2
;FairyLights16F628A.c,261 :: 		portb.f5=1; //acende led
0x01E9	0x1686      	BSF        PORTB, 5
;FairyLights16F628A.c,262 :: 		delay_ms(200); //espera um tempo de 0.2s
0x01EA	0x3002      	MOVLW      2
0x01EB	0x00FB      	MOVWF      R11
0x01EC	0x3004      	MOVLW      4
0x01ED	0x00FC      	MOVWF      R12
0x01EE	0x30BA      	MOVLW      186
0x01EF	0x00FD      	MOVWF      R13
L_padrao566:
0x01F0	0x0BFD      	DECFSZ     R13, 1
0x01F1	0x29F0      	GOTO       L_padrao566
0x01F2	0x0BFC      	DECFSZ     R12, 1
0x01F3	0x29F0      	GOTO       L_padrao566
0x01F4	0x0BFB      	DECFSZ     R11, 1
0x01F5	0x29F0      	GOTO       L_padrao566
0x01F6	0x0000      	NOP
;FairyLights16F628A.c,263 :: 		portb.f2=0; //apaga led
0x01F7	0x1106      	BCF        PORTB, 2
;FairyLights16F628A.c,264 :: 		portb.f5=0; //apaga led
0x01F8	0x1286      	BCF        PORTB, 5
;FairyLights16F628A.c,265 :: 		portb.f3=1; //acende led
0x01F9	0x1586      	BSF        PORTB, 3
;FairyLights16F628A.c,266 :: 		portb.f4=1; //acende led
0x01FA	0x1606      	BSF        PORTB, 4
;FairyLights16F628A.c,267 :: 		delay_ms(200); //espera um tempo de 0.2s
0x01FB	0x3002      	MOVLW      2
0x01FC	0x00FB      	MOVWF      R11
0x01FD	0x3004      	MOVLW      4
0x01FE	0x00FC      	MOVWF      R12
0x01FF	0x30BA      	MOVLW      186
0x0200	0x00FD      	MOVWF      R13
L_padrao567:
0x0201	0x0BFD      	DECFSZ     R13, 1
0x0202	0x2A01      	GOTO       L_padrao567
0x0203	0x0BFC      	DECFSZ     R12, 1
0x0204	0x2A01      	GOTO       L_padrao567
0x0205	0x0BFB      	DECFSZ     R11, 1
0x0206	0x2A01      	GOTO       L_padrao567
0x0207	0x0000      	NOP
;FairyLights16F628A.c,268 :: 		portb.f3=0; //apaga led
0x0208	0x1186      	BCF        PORTB, 3
;FairyLights16F628A.c,269 :: 		portb.f4=0; //apaga led
0x0209	0x1206      	BCF        PORTB, 4
;FairyLights16F628A.c,270 :: 		}
L_end_padrao5:
0x020A	0x0008      	RETURN
; end of _padrao5
_padrao3:
;FairyLights16F628A.c,166 :: 		void padrao3(){
;FairyLights16F628A.c,167 :: 		apagaLeds();
0x020B	0x2059      	CALL       _apagaLeds
;FairyLights16F628A.c,168 :: 		portb.f7 =1; //acende led
0x020C	0x1786      	BSF        PORTB, 7
;FairyLights16F628A.c,169 :: 		delay_ms(150);  //espera um tempo de 150ms = 0.15s
0x020D	0x30C3      	MOVLW      195
0x020E	0x00FC      	MOVWF      R12
0x020F	0x30CD      	MOVLW      205
0x0210	0x00FD      	MOVWF      R13
L_padrao335:
0x0211	0x0BFD      	DECFSZ     R13, 1
0x0212	0x2A11      	GOTO       L_padrao335
0x0213	0x0BFC      	DECFSZ     R12, 1
0x0214	0x2A11      	GOTO       L_padrao335
;FairyLights16F628A.c,170 :: 		portb.f7 =0;    //led apagado
0x0215	0x1386      	BCF        PORTB, 7
;FairyLights16F628A.c,171 :: 		delay_ms(150);  //espera um tempo de 150ms = 0.15s
0x0216	0x30C3      	MOVLW      195
0x0217	0x00FC      	MOVWF      R12
0x0218	0x30CD      	MOVLW      205
0x0219	0x00FD      	MOVWF      R13
L_padrao336:
0x021A	0x0BFD      	DECFSZ     R13, 1
0x021B	0x2A1A      	GOTO       L_padrao336
0x021C	0x0BFC      	DECFSZ     R12, 1
0x021D	0x2A1A      	GOTO       L_padrao336
;FairyLights16F628A.c,172 :: 		portb.f6 =1; //acende led
0x021E	0x1706      	BSF        PORTB, 6
;FairyLights16F628A.c,173 :: 		delay_ms(150);  //espera um tempo de 150ms = 015s
0x021F	0x30C3      	MOVLW      195
0x0220	0x00FC      	MOVWF      R12
0x0221	0x30CD      	MOVLW      205
0x0222	0x00FD      	MOVWF      R13
L_padrao337:
0x0223	0x0BFD      	DECFSZ     R13, 1
0x0224	0x2A23      	GOTO       L_padrao337
0x0225	0x0BFC      	DECFSZ     R12, 1
0x0226	0x2A23      	GOTO       L_padrao337
;FairyLights16F628A.c,174 :: 		portb.f6 =0;    //led apagado
0x0227	0x1306      	BCF        PORTB, 6
;FairyLights16F628A.c,175 :: 		delay_ms(150);  //espera um tempo de 150ms = 0.15s
0x0228	0x30C3      	MOVLW      195
0x0229	0x00FC      	MOVWF      R12
0x022A	0x30CD      	MOVLW      205
0x022B	0x00FD      	MOVWF      R13
L_padrao338:
0x022C	0x0BFD      	DECFSZ     R13, 1
0x022D	0x2A2C      	GOTO       L_padrao338
0x022E	0x0BFC      	DECFSZ     R12, 1
0x022F	0x2A2C      	GOTO       L_padrao338
;FairyLights16F628A.c,176 :: 		portb.f5 =1; //acende led
0x0230	0x1686      	BSF        PORTB, 5
;FairyLights16F628A.c,177 :: 		delay_ms(150);  //espera um tempo de 150ms = 0.15s
0x0231	0x30C3      	MOVLW      195
0x0232	0x00FC      	MOVWF      R12
0x0233	0x30CD      	MOVLW      205
0x0234	0x00FD      	MOVWF      R13
L_padrao339:
0x0235	0x0BFD      	DECFSZ     R13, 1
0x0236	0x2A35      	GOTO       L_padrao339
0x0237	0x0BFC      	DECFSZ     R12, 1
0x0238	0x2A35      	GOTO       L_padrao339
;FairyLights16F628A.c,178 :: 		portb.f5 =0;    //led apagado
0x0239	0x1286      	BCF        PORTB, 5
;FairyLights16F628A.c,179 :: 		delay_ms(150);  //espera um tempo de 150ms = 0.15s
0x023A	0x30C3      	MOVLW      195
0x023B	0x00FC      	MOVWF      R12
0x023C	0x30CD      	MOVLW      205
0x023D	0x00FD      	MOVWF      R13
L_padrao340:
0x023E	0x0BFD      	DECFSZ     R13, 1
0x023F	0x2A3E      	GOTO       L_padrao340
0x0240	0x0BFC      	DECFSZ     R12, 1
0x0241	0x2A3E      	GOTO       L_padrao340
;FairyLights16F628A.c,180 :: 		portb.f4 =1; //acende led
0x0242	0x1606      	BSF        PORTB, 4
;FairyLights16F628A.c,181 :: 		delay_ms(150);  //espera um tempo de 150ms = 0.15s
0x0243	0x30C3      	MOVLW      195
0x0244	0x00FC      	MOVWF      R12
0x0245	0x30CD      	MOVLW      205
0x0246	0x00FD      	MOVWF      R13
L_padrao341:
0x0247	0x0BFD      	DECFSZ     R13, 1
0x0248	0x2A47      	GOTO       L_padrao341
0x0249	0x0BFC      	DECFSZ     R12, 1
0x024A	0x2A47      	GOTO       L_padrao341
;FairyLights16F628A.c,182 :: 		portb.f4 =0;    //led apagado
0x024B	0x1206      	BCF        PORTB, 4
;FairyLights16F628A.c,183 :: 		delay_ms(150);  //espera um tempo de 150ms = 0.15s
0x024C	0x30C3      	MOVLW      195
0x024D	0x00FC      	MOVWF      R12
0x024E	0x30CD      	MOVLW      205
0x024F	0x00FD      	MOVWF      R13
L_padrao342:
0x0250	0x0BFD      	DECFSZ     R13, 1
0x0251	0x2A50      	GOTO       L_padrao342
0x0252	0x0BFC      	DECFSZ     R12, 1
0x0253	0x2A50      	GOTO       L_padrao342
;FairyLights16F628A.c,184 :: 		portb.f3 =1; //acende led
0x0254	0x1586      	BSF        PORTB, 3
;FairyLights16F628A.c,185 :: 		delay_ms(150);  //espera um tempo de 150ms = 0.15s
0x0255	0x30C3      	MOVLW      195
0x0256	0x00FC      	MOVWF      R12
0x0257	0x30CD      	MOVLW      205
0x0258	0x00FD      	MOVWF      R13
L_padrao343:
0x0259	0x0BFD      	DECFSZ     R13, 1
0x025A	0x2A59      	GOTO       L_padrao343
0x025B	0x0BFC      	DECFSZ     R12, 1
0x025C	0x2A59      	GOTO       L_padrao343
;FairyLights16F628A.c,186 :: 		portb.f3 =0;    //led apagado
0x025D	0x1186      	BCF        PORTB, 3
;FairyLights16F628A.c,187 :: 		delay_ms(150);  //espera um tempo de 150ms = 0.15s
0x025E	0x30C3      	MOVLW      195
0x025F	0x00FC      	MOVWF      R12
0x0260	0x30CD      	MOVLW      205
0x0261	0x00FD      	MOVWF      R13
L_padrao344:
0x0262	0x0BFD      	DECFSZ     R13, 1
0x0263	0x2A62      	GOTO       L_padrao344
0x0264	0x0BFC      	DECFSZ     R12, 1
0x0265	0x2A62      	GOTO       L_padrao344
;FairyLights16F628A.c,188 :: 		portb.f2 =1; //acende led
0x0266	0x1506      	BSF        PORTB, 2
;FairyLights16F628A.c,189 :: 		delay_ms(150);  //espera um tempo de 150ms = 0.15s
0x0267	0x30C3      	MOVLW      195
0x0268	0x00FC      	MOVWF      R12
0x0269	0x30CD      	MOVLW      205
0x026A	0x00FD      	MOVWF      R13
L_padrao345:
0x026B	0x0BFD      	DECFSZ     R13, 1
0x026C	0x2A6B      	GOTO       L_padrao345
0x026D	0x0BFC      	DECFSZ     R12, 1
0x026E	0x2A6B      	GOTO       L_padrao345
;FairyLights16F628A.c,190 :: 		portb.f2 =0;    //led apagado
0x026F	0x1106      	BCF        PORTB, 2
;FairyLights16F628A.c,191 :: 		delay_ms(150);  //espera um tempo de 150ms = 0.15s
0x0270	0x30C3      	MOVLW      195
0x0271	0x00FC      	MOVWF      R12
0x0272	0x30CD      	MOVLW      205
0x0273	0x00FD      	MOVWF      R13
L_padrao346:
0x0274	0x0BFD      	DECFSZ     R13, 1
0x0275	0x2A74      	GOTO       L_padrao346
0x0276	0x0BFC      	DECFSZ     R12, 1
0x0277	0x2A74      	GOTO       L_padrao346
;FairyLights16F628A.c,192 :: 		portb.f1 =1; //acende led
0x0278	0x1486      	BSF        PORTB, 1
;FairyLights16F628A.c,193 :: 		delay_ms(150);  //espera um tempo de 150ms = 0.15s
0x0279	0x30C3      	MOVLW      195
0x027A	0x00FC      	MOVWF      R12
0x027B	0x30CD      	MOVLW      205
0x027C	0x00FD      	MOVWF      R13
L_padrao347:
0x027D	0x0BFD      	DECFSZ     R13, 1
0x027E	0x2A7D      	GOTO       L_padrao347
0x027F	0x0BFC      	DECFSZ     R12, 1
0x0280	0x2A7D      	GOTO       L_padrao347
;FairyLights16F628A.c,194 :: 		portb.f1 =0;    //led apagado
0x0281	0x1086      	BCF        PORTB, 1
;FairyLights16F628A.c,195 :: 		delay_ms(150);  //espera um tempo de 150ms = 0.15s
0x0282	0x30C3      	MOVLW      195
0x0283	0x00FC      	MOVWF      R12
0x0284	0x30CD      	MOVLW      205
0x0285	0x00FD      	MOVWF      R13
L_padrao348:
0x0286	0x0BFD      	DECFSZ     R13, 1
0x0287	0x2A86      	GOTO       L_padrao348
0x0288	0x0BFC      	DECFSZ     R12, 1
0x0289	0x2A86      	GOTO       L_padrao348
;FairyLights16F628A.c,196 :: 		portb.f0 =1; //acende led
0x028A	0x1406      	BSF        PORTB, 0
;FairyLights16F628A.c,197 :: 		delay_ms(150);  //espera um tempo de 150ms = 0.15s
0x028B	0x30C3      	MOVLW      195
0x028C	0x00FC      	MOVWF      R12
0x028D	0x30CD      	MOVLW      205
0x028E	0x00FD      	MOVWF      R13
L_padrao349:
0x028F	0x0BFD      	DECFSZ     R13, 1
0x0290	0x2A8F      	GOTO       L_padrao349
0x0291	0x0BFC      	DECFSZ     R12, 1
0x0292	0x2A8F      	GOTO       L_padrao349
;FairyLights16F628A.c,198 :: 		portb.f0 =0;    //led apagado
0x0293	0x1006      	BCF        PORTB, 0
;FairyLights16F628A.c,199 :: 		}
L_end_padrao3:
0x0294	0x0008      	RETURN
; end of _padrao3
_padrao4:
;FairyLights16F628A.c,201 :: 		void padrao4(){
;FairyLights16F628A.c,202 :: 		int i=0;
0x0295	0x1283      	BCF        STATUS, 5
0x0296	0x1303      	BCF        STATUS, 6
0x0297	0x01A9      	CLRF       padrao4_i_L0
0x0298	0x01AA      	CLRF       padrao4_i_L0+1
;FairyLights16F628A.c,203 :: 		apagaLeds();
0x0299	0x2059      	CALL       _apagaLeds
;FairyLights16F628A.c,204 :: 		portb.f0=1; //acende led
0x029A	0x1406      	BSF        PORTB, 0
;FairyLights16F628A.c,205 :: 		portb.f1=1; //acende led
0x029B	0x1486      	BSF        PORTB, 1
;FairyLights16F628A.c,206 :: 		portb.f2=1;  //acende led
0x029C	0x1506      	BSF        PORTB, 2
;FairyLights16F628A.c,207 :: 		portb.f3=1; //acende led
0x029D	0x1586      	BSF        PORTB, 3
;FairyLights16F628A.c,208 :: 		delay_ms(100);  //espera um tempo de 200ms = 0.2s
0x029E	0x3082      	MOVLW      130
0x029F	0x00FC      	MOVWF      R12
0x02A0	0x30DD      	MOVLW      221
0x02A1	0x00FD      	MOVWF      R13
L_padrao450:
0x02A2	0x0BFD      	DECFSZ     R13, 1
0x02A3	0x2AA2      	GOTO       L_padrao450
0x02A4	0x0BFC      	DECFSZ     R12, 1
0x02A5	0x2AA2      	GOTO       L_padrao450
0x02A6	0x0000      	NOP
0x02A7	0x0000      	NOP
;FairyLights16F628A.c,209 :: 		while(i<5){
L_padrao451:
0x02A8	0x3080      	MOVLW      128
0x02A9	0x062A      	XORWF      padrao4_i_L0+1, 0
0x02AA	0x00F0      	MOVWF      R0
0x02AB	0x3080      	MOVLW      128
0x02AC	0x0270      	SUBWF      R0, 0
0x02AD	0x1D03      	BTFSS      STATUS, 2
0x02AE	0x2AB1      	GOTO       L__padrao482
0x02AF	0x3005      	MOVLW      5
0x02B0	0x0229      	SUBWF      padrao4_i_L0, 0
L__padrao482:
0x02B1	0x1803      	BTFSC      STATUS, 0
0x02B2	0x2AE7      	GOTO       L_padrao452
;FairyLights16F628A.c,210 :: 		portb.f4=1;
0x02B3	0x1606      	BSF        PORTB, 4
;FairyLights16F628A.c,211 :: 		delay_ms(100);  //espera um tempo de 200ms = 0.2s
0x02B4	0x3082      	MOVLW      130
0x02B5	0x00FC      	MOVWF      R12
0x02B6	0x30DD      	MOVLW      221
0x02B7	0x00FD      	MOVWF      R13
L_padrao453:
0x02B8	0x0BFD      	DECFSZ     R13, 1
0x02B9	0x2AB8      	GOTO       L_padrao453
0x02BA	0x0BFC      	DECFSZ     R12, 1
0x02BB	0x2AB8      	GOTO       L_padrao453
0x02BC	0x0000      	NOP
0x02BD	0x0000      	NOP
;FairyLights16F628A.c,212 :: 		portb.f4=0;
0x02BE	0x1206      	BCF        PORTB, 4
;FairyLights16F628A.c,213 :: 		portb.f5=1;
0x02BF	0x1686      	BSF        PORTB, 5
;FairyLights16F628A.c,214 :: 		delay_ms(100);  //espera um tempo de 200ms = 0.2s
0x02C0	0x3082      	MOVLW      130
0x02C1	0x00FC      	MOVWF      R12
0x02C2	0x30DD      	MOVLW      221
0x02C3	0x00FD      	MOVWF      R13
L_padrao454:
0x02C4	0x0BFD      	DECFSZ     R13, 1
0x02C5	0x2AC4      	GOTO       L_padrao454
0x02C6	0x0BFC      	DECFSZ     R12, 1
0x02C7	0x2AC4      	GOTO       L_padrao454
0x02C8	0x0000      	NOP
0x02C9	0x0000      	NOP
;FairyLights16F628A.c,215 :: 		portb.f5=0;
0x02CA	0x1286      	BCF        PORTB, 5
;FairyLights16F628A.c,216 :: 		portb.f6=1;
0x02CB	0x1706      	BSF        PORTB, 6
;FairyLights16F628A.c,217 :: 		delay_ms(100);  //espera um tempo de 200ms = 0.2s
0x02CC	0x3082      	MOVLW      130
0x02CD	0x00FC      	MOVWF      R12
0x02CE	0x30DD      	MOVLW      221
0x02CF	0x00FD      	MOVWF      R13
L_padrao455:
0x02D0	0x0BFD      	DECFSZ     R13, 1
0x02D1	0x2AD0      	GOTO       L_padrao455
0x02D2	0x0BFC      	DECFSZ     R12, 1
0x02D3	0x2AD0      	GOTO       L_padrao455
0x02D4	0x0000      	NOP
0x02D5	0x0000      	NOP
;FairyLights16F628A.c,218 :: 		portb.f6=0;
0x02D6	0x1306      	BCF        PORTB, 6
;FairyLights16F628A.c,219 :: 		portb.f7=1;
0x02D7	0x1786      	BSF        PORTB, 7
;FairyLights16F628A.c,220 :: 		delay_ms(100);  //espera um tempo de 200ms = 0.2s
0x02D8	0x3082      	MOVLW      130
0x02D9	0x00FC      	MOVWF      R12
0x02DA	0x30DD      	MOVLW      221
0x02DB	0x00FD      	MOVWF      R13
L_padrao456:
0x02DC	0x0BFD      	DECFSZ     R13, 1
0x02DD	0x2ADC      	GOTO       L_padrao456
0x02DE	0x0BFC      	DECFSZ     R12, 1
0x02DF	0x2ADC      	GOTO       L_padrao456
0x02E0	0x0000      	NOP
0x02E1	0x0000      	NOP
;FairyLights16F628A.c,221 :: 		portb.f7=0;
0x02E2	0x1386      	BCF        PORTB, 7
;FairyLights16F628A.c,222 :: 		i++;
0x02E3	0x0AA9      	INCF       padrao4_i_L0, 1
0x02E4	0x1903      	BTFSC      STATUS, 2
0x02E5	0x0AAA      	INCF       padrao4_i_L0+1, 1
;FairyLights16F628A.c,223 :: 		}
0x02E6	0x2AA8      	GOTO       L_padrao451
L_padrao452:
;FairyLights16F628A.c,224 :: 		i=0;
0x02E7	0x01A9      	CLRF       padrao4_i_L0
0x02E8	0x01AA      	CLRF       padrao4_i_L0+1
;FairyLights16F628A.c,225 :: 		apagaLeds();
0x02E9	0x2059      	CALL       _apagaLeds
;FairyLights16F628A.c,226 :: 		portb.f7=1; //acende led
0x02EA	0x1786      	BSF        PORTB, 7
;FairyLights16F628A.c,227 :: 		portb.f6=1; //acende led
0x02EB	0x1706      	BSF        PORTB, 6
;FairyLights16F628A.c,228 :: 		portb.f5=1; //acende led
0x02EC	0x1686      	BSF        PORTB, 5
;FairyLights16F628A.c,229 :: 		portb.f4=1; //acende led
0x02ED	0x1606      	BSF        PORTB, 4
;FairyLights16F628A.c,230 :: 		delay_ms(100);  //espera um tempo de 100ms = 0.1s
0x02EE	0x3082      	MOVLW      130
0x02EF	0x00FC      	MOVWF      R12
0x02F0	0x30DD      	MOVLW      221
0x02F1	0x00FD      	MOVWF      R13
L_padrao457:
0x02F2	0x0BFD      	DECFSZ     R13, 1
0x02F3	0x2AF2      	GOTO       L_padrao457
0x02F4	0x0BFC      	DECFSZ     R12, 1
0x02F5	0x2AF2      	GOTO       L_padrao457
0x02F6	0x0000      	NOP
0x02F7	0x0000      	NOP
;FairyLights16F628A.c,231 :: 		while(i<5){
L_padrao458:
0x02F8	0x3080      	MOVLW      128
0x02F9	0x062A      	XORWF      padrao4_i_L0+1, 0
0x02FA	0x00F0      	MOVWF      R0
0x02FB	0x3080      	MOVLW      128
0x02FC	0x0270      	SUBWF      R0, 0
0x02FD	0x1D03      	BTFSS      STATUS, 2
0x02FE	0x2B01      	GOTO       L__padrao483
0x02FF	0x3005      	MOVLW      5
0x0300	0x0229      	SUBWF      padrao4_i_L0, 0
L__padrao483:
0x0301	0x1803      	BTFSC      STATUS, 0
0x0302	0x2B37      	GOTO       L_padrao459
;FairyLights16F628A.c,232 :: 		portb.f3=1;
0x0303	0x1586      	BSF        PORTB, 3
;FairyLights16F628A.c,233 :: 		delay_ms(100);  //espera um tempo de 100ms = 0.1s
0x0304	0x3082      	MOVLW      130
0x0305	0x00FC      	MOVWF      R12
0x0306	0x30DD      	MOVLW      221
0x0307	0x00FD      	MOVWF      R13
L_padrao460:
0x0308	0x0BFD      	DECFSZ     R13, 1
0x0309	0x2B08      	GOTO       L_padrao460
0x030A	0x0BFC      	DECFSZ     R12, 1
0x030B	0x2B08      	GOTO       L_padrao460
0x030C	0x0000      	NOP
0x030D	0x0000      	NOP
;FairyLights16F628A.c,234 :: 		portb.f3=0;
0x030E	0x1186      	BCF        PORTB, 3
;FairyLights16F628A.c,235 :: 		portb.f2=1;
0x030F	0x1506      	BSF        PORTB, 2
;FairyLights16F628A.c,236 :: 		delay_ms(100);  //espera um tempo de 100ms = 0.1s
0x0310	0x3082      	MOVLW      130
0x0311	0x00FC      	MOVWF      R12
0x0312	0x30DD      	MOVLW      221
0x0313	0x00FD      	MOVWF      R13
L_padrao461:
0x0314	0x0BFD      	DECFSZ     R13, 1
0x0315	0x2B14      	GOTO       L_padrao461
0x0316	0x0BFC      	DECFSZ     R12, 1
0x0317	0x2B14      	GOTO       L_padrao461
0x0318	0x0000      	NOP
0x0319	0x0000      	NOP
;FairyLights16F628A.c,237 :: 		portb.f2=0;
0x031A	0x1106      	BCF        PORTB, 2
;FairyLights16F628A.c,238 :: 		portb.f1=1;
0x031B	0x1486      	BSF        PORTB, 1
;FairyLights16F628A.c,239 :: 		delay_ms(100);  //espera um tempo de 100ms = 0.1s
0x031C	0x3082      	MOVLW      130
0x031D	0x00FC      	MOVWF      R12
0x031E	0x30DD      	MOVLW      221
0x031F	0x00FD      	MOVWF      R13
L_padrao462:
0x0320	0x0BFD      	DECFSZ     R13, 1
0x0321	0x2B20      	GOTO       L_padrao462
0x0322	0x0BFC      	DECFSZ     R12, 1
0x0323	0x2B20      	GOTO       L_padrao462
0x0324	0x0000      	NOP
0x0325	0x0000      	NOP
;FairyLights16F628A.c,240 :: 		portb.f1=0;
0x0326	0x1086      	BCF        PORTB, 1
;FairyLights16F628A.c,241 :: 		portb.f0=1;
0x0327	0x1406      	BSF        PORTB, 0
;FairyLights16F628A.c,242 :: 		delay_ms(100);  //espera um tempo de 100ms = 0.1s
0x0328	0x3082      	MOVLW      130
0x0329	0x00FC      	MOVWF      R12
0x032A	0x30DD      	MOVLW      221
0x032B	0x00FD      	MOVWF      R13
L_padrao463:
0x032C	0x0BFD      	DECFSZ     R13, 1
0x032D	0x2B2C      	GOTO       L_padrao463
0x032E	0x0BFC      	DECFSZ     R12, 1
0x032F	0x2B2C      	GOTO       L_padrao463
0x0330	0x0000      	NOP
0x0331	0x0000      	NOP
;FairyLights16F628A.c,243 :: 		portb.f0=0;
0x0332	0x1006      	BCF        PORTB, 0
;FairyLights16F628A.c,244 :: 		i++;
0x0333	0x0AA9      	INCF       padrao4_i_L0, 1
0x0334	0x1903      	BTFSC      STATUS, 2
0x0335	0x0AAA      	INCF       padrao4_i_L0+1, 1
;FairyLights16F628A.c,245 :: 		}
0x0336	0x2AF8      	GOTO       L_padrao458
L_padrao459:
;FairyLights16F628A.c,246 :: 		}
L_end_padrao4:
0x0337	0x0008      	RETURN
; end of _padrao4
_main:
;FairyLights16F628A.c,39 :: 		void main() {
;FairyLights16F628A.c,41 :: 		Lcd_Init();
0x0338	0x210A      	CALL       _Lcd_Init
;FairyLights16F628A.c,42 :: 		Lcd_Cmd(_LCD_CLEAR);
0x0339	0x3001      	MOVLW      1
0x033A	0x00A8      	MOVWF      FARG_Lcd_Cmd_out_char
0x033B	0x20A1      	CALL       _Lcd_Cmd
;FairyLights16F628A.c,43 :: 		Lcd_Cmd(_LCD_CURSOR_OFF);
0x033C	0x300C      	MOVLW      12
0x033D	0x00A8      	MOVWF      FARG_Lcd_Cmd_out_char
0x033E	0x20A1      	CALL       _Lcd_Cmd
;FairyLights16F628A.c,44 :: 		init_io();
0x033F	0x2080      	CALL       _init_io
;FairyLights16F628A.c,46 :: 		while(1){
L_main0:
;FairyLights16F628A.c,48 :: 		padrao1();
0x0340	0x20ED      	CALL       _padrao1
;FairyLights16F628A.c,50 :: 		}
0x0341	0x2B40      	GOTO       L_main0
;FairyLights16F628A.c,51 :: 		}
L_end_main:
0x0342	0x2B42      	GOTO       $+0
; end of _main
Symbol List:
//** Routines locations **
//ADDRESS    SIZE    PROCEDURE
//----------------------------------------------
0x0004      [74]    _interrupt
0x004E      [11]    _acendeLeds
0x0059      [11]    _apagaLeds
0x0064       [7]    _____DoICP
0x006B       [8]    _Delay_50us
0x0073       [2]    _Delay_1us
0x0075      [11]    _Delay_5500us
0x0080      [33]    _init_io
0x00A1      [64]    _Lcd_Cmd
0x00E1      [12]    ___CC2DW
0x00ED      [29]    _padrao1
0x010A      [78]    _Lcd_Init
0x0158     [109]    _padrao2
0x01C5      [70]    _padrao5
0x020B     [138]    _padrao3
0x0295     [163]    _padrao4
0x0338      [11]    _main
//** Variables locations ** 
//ADDRESS    SIZE    VARIABLE
//----------------------------------------------
0x0000       [1]    INDF
0x0001       [1]    TMR0
0x0002       [1]    PCL
0x0003       [1]    STATUS
0x0004       [1]    FSR
0x0005       [1]    PORTA
0x0005       [0]    RA1_bit
0x0005       [0]    RA2_bit
0x0005       [0]    RA3_bit
0x0005       [0]    RA4_bit
0x0006       [0]    LCD_EN
0x0006       [0]    RB7_bit
0x0006       [0]    RB5_bit
0x0006       [0]    RB6_bit
0x0006       [0]    LCD_D5
0x0006       [0]    LCD_D4
0x0006       [0]    LCD_D7
0x0006       [0]    LCD_D6
0x0006       [1]    PORTB
0x0006       [0]    RB2_bit
0x0006       [0]    RB4_bit
0x0006       [0]    RB3_bit
0x0006       [0]    LCD_RS
0x000A       [1]    PCLATH
0x000B       [0]    T0IF_bit
0x000B       [0]    T0IE_bit
0x000B       [0]    GIE_bit
0x000B       [0]    PEIE_bit
0x001F       [1]    CMCON
0x0023       [0]    __Lib_Lcd_cmd_status
0x0024       [2]    ___DoICPAddr
0x0026       [1]    ___savePCLATH
0x0027       [1]    ___saveSTATUS
0x0028       [1]    FARG_Lcd_Cmd_out_char
0x0029       [2]    padrao4_i_L0
0x0070       [1]    R0
0x0071       [1]    R1
0x0072       [1]    R2
0x0073       [1]    R3
0x0074       [1]    R4
0x0075       [1]    R5
0x0076       [1]    R6
0x0077       [1]    R7
0x0078       [1]    R8
0x0079       [1]    R9
0x007A       [1]    R10
0x007B       [1]    R11
0x007C       [1]    R12
0x007D       [1]    R13
0x007E       [1]    R14
0x007F       [1]    R15
0x0081       [1]    OPTION_REG
0x0085       [1]    TRISA
0x0086       [0]    TRISB6_bit
0x0086       [0]    TRISB7_bit
0x0086       [0]    LCD_RS_Direction
0x0086       [0]    LCD_D5_Direction
0x0086       [0]    TRISB4_bit
0x0086       [0]    TRISB2_bit
0x0086       [0]    TRISB3_bit
0x0086       [0]    LCD_D4_Direction
0x0086       [0]    LCD_D6_Direction
0x0086       [0]    TRISB5_bit
0x0086       [0]    LCD_EN_Direction
0x0086       [1]    TRISB
0x0086       [0]    LCD_D7_Direction
